<?xml version="1.0" encoding="UTF-8"?>
<testsuite name="com.proyectoweb.barberia.ServiceTest.CreateServiceTest" tests="3" skipped="0" failures="0" errors="0" timestamp="2021-05-03T20:19:30" hostname="DESKTOP-SEEOBAA" time="1.931">
  <properties/>
  <testcase name="print_test_find_All()" classname="com.proyectoweb.barberia.ServiceTest.CreateServiceTest" time="1.64"/>
  <testcase name="test_create_solo()" classname="com.proyectoweb.barberia.ServiceTest.CreateServiceTest" time="0.162"/>
  <testcase name="print_test_find_id()" classname="com.proyectoweb.barberia.ServiceTest.CreateServiceTest" time="0.059"/>
  <system-out><![CDATA[15:18:58.862 [Test worker] DEBUG org.springframework.test.context.BootstrapUtils - Instantiating CacheAwareContextLoaderDelegate from class [org.springframework.test.context.cache.DefaultCacheAwareContextLoaderDelegate]
15:18:58.913 [Test worker] DEBUG org.springframework.test.context.BootstrapUtils - Instantiating BootstrapContext using constructor [public org.springframework.test.context.support.DefaultBootstrapContext(java.lang.Class,org.springframework.test.context.CacheAwareContextLoaderDelegate)]
15:18:59.028 [Test worker] DEBUG org.springframework.test.context.BootstrapUtils - Instantiating TestContextBootstrapper for test class [com.proyectoweb.barberia.ServiceTest.CreateServiceTest] from class [org.springframework.boot.test.context.SpringBootTestContextBootstrapper]
15:18:59.068 [Test worker] INFO org.springframework.boot.test.context.SpringBootTestContextBootstrapper - Neither @ContextConfiguration nor @ContextHierarchy found for test class [com.proyectoweb.barberia.ServiceTest.CreateServiceTest], using SpringBootContextLoader
15:18:59.079 [Test worker] DEBUG org.springframework.test.context.support.AbstractContextLoader - Did not detect default resource location for test class [com.proyectoweb.barberia.ServiceTest.CreateServiceTest]: class path resource [com/proyectoweb/barberia/ServiceTest/CreateServiceTest-context.xml] does not exist
15:18:59.081 [Test worker] DEBUG org.springframework.test.context.support.AbstractContextLoader - Did not detect default resource location for test class [com.proyectoweb.barberia.ServiceTest.CreateServiceTest]: class path resource [com/proyectoweb/barberia/ServiceTest/CreateServiceTestContext.groovy] does not exist
15:18:59.082 [Test worker] INFO org.springframework.test.context.support.AbstractContextLoader - Could not detect default resource locations for test class [com.proyectoweb.barberia.ServiceTest.CreateServiceTest]: no resource found for suffixes {-context.xml, Context.groovy}.
15:18:59.087 [Test worker] INFO org.springframework.test.context.support.AnnotationConfigContextLoaderUtils - Could not detect default configuration classes for test class [com.proyectoweb.barberia.ServiceTest.CreateServiceTest]: CreateServiceTest does not declare any static, non-private, non-final, nested classes annotated with @Configuration.
15:18:59.294 [Test worker] DEBUG org.springframework.test.context.support.ActiveProfilesUtils - Could not find an 'annotation declaring class' for annotation type [org.springframework.test.context.ActiveProfiles] and class [com.proyectoweb.barberia.ServiceTest.CreateServiceTest]
15:18:59.588 [Test worker] DEBUG org.springframework.context.annotation.ClassPathScanningCandidateComponentProvider - Identified candidate component class: file [C:\Users\Usuario\Desktop\Universidad\09. Desarrollo web\Proyecto\Codigo\Nordics\barberia\build\classes\java\main\com\proyectoweb\barberia\BarberiaApplication.class]
15:18:59.597 [Test worker] INFO org.springframework.boot.test.context.SpringBootTestContextBootstrapper - Found @SpringBootConfiguration com.proyectoweb.barberia.BarberiaApplication for test class com.proyectoweb.barberia.ServiceTest.CreateServiceTest
15:19:00.246 [Test worker] DEBUG org.springframework.boot.test.context.SpringBootTestContextBootstrapper - @TestExecutionListeners is not present for class [com.proyectoweb.barberia.ServiceTest.CreateServiceTest]: using defaults.
15:19:00.248 [Test worker] INFO org.springframework.boot.test.context.SpringBootTestContextBootstrapper - Loaded default TestExecutionListener class names from location [META-INF/spring.factories]: [org.springframework.security.test.context.support.WithSecurityContextTestExecutionListener, org.springframework.security.test.context.support.ReactorContextTestExecutionListener, org.springframework.boot.test.autoconfigure.restdocs.RestDocsTestExecutionListener, org.springframework.boot.test.autoconfigure.web.client.MockRestServiceServerResetTestExecutionListener, org.springframework.boot.test.autoconfigure.web.servlet.MockMvcPrintOnlyOnFailureTestExecutionListener, org.springframework.boot.test.autoconfigure.web.servlet.WebDriverTestExecutionListener, org.springframework.boot.test.autoconfigure.webservices.client.MockWebServiceServerTestExecutionListener, org.springframework.boot.test.mock.mockito.MockitoTestExecutionListener, org.springframework.boot.test.mock.mockito.ResetMocksTestExecutionListener, org.springframework.test.context.web.ServletTestExecutionListener, org.springframework.test.context.support.DirtiesContextBeforeModesTestExecutionListener, org.springframework.test.context.event.ApplicationEventsTestExecutionListener, org.springframework.test.context.support.DependencyInjectionTestExecutionListener, org.springframework.test.context.support.DirtiesContextTestExecutionListener, org.springframework.test.context.transaction.TransactionalTestExecutionListener, org.springframework.test.context.jdbc.SqlScriptsTestExecutionListener, org.springframework.test.context.event.EventPublishingTestExecutionListener]
15:19:00.368 [Test worker] INFO org.springframework.boot.test.context.SpringBootTestContextBootstrapper - Using TestExecutionListeners: [org.springframework.test.context.web.ServletTestExecutionListener@43497fc7, org.springframework.test.context.support.DirtiesContextBeforeModesTestExecutionListener@4a9da6f1, org.springframework.test.context.event.ApplicationEventsTestExecutionListener@4efb0d21, org.springframework.boot.test.mock.mockito.MockitoTestExecutionListener@3270dd15, org.springframework.boot.test.autoconfigure.SpringBootDependencyInjectionTestExecutionListener@3a4f3bdb, org.springframework.test.context.support.DirtiesContextTestExecutionListener@1dc2b84d, org.springframework.test.context.transaction.TransactionalTestExecutionListener@bc62cd1, org.springframework.test.context.jdbc.SqlScriptsTestExecutionListener@3f6ad0c9, org.springframework.security.test.context.support.WithSecurityContextTestExecutionListener@7cb8b51c, org.springframework.test.context.event.EventPublishingTestExecutionListener@74b07a16, org.springframework.security.test.context.support.ReactorContextTestExecutionListener@4eaa60f5, org.springframework.boot.test.autoconfigure.restdocs.RestDocsTestExecutionListener@27af1d71, org.springframework.boot.test.autoconfigure.web.client.MockRestServiceServerResetTestExecutionListener@1e864ccd, org.springframework.boot.test.autoconfigure.web.servlet.MockMvcPrintOnlyOnFailureTestExecutionListener@6991f5c1, org.springframework.boot.test.autoconfigure.web.servlet.WebDriverTestExecutionListener@74218dce, org.springframework.boot.test.autoconfigure.webservices.client.MockWebServiceServerTestExecutionListener@2bba42ae, org.springframework.boot.test.mock.mockito.ResetMocksTestExecutionListener@7f68330]
15:19:00.383 [Test worker] DEBUG org.springframework.test.context.support.AbstractDirtiesContextTestExecutionListener - Before test class: context [DefaultTestContext@1477800e testClass = CreateServiceTest, testInstance = [null], testMethod = [null], testException = [null], mergedContextConfiguration = [WebMergedContextConfiguration@7a365fc7 testClass = CreateServiceTest, locations = '{}', classes = '{class com.proyectoweb.barberia.BarberiaApplication}', contextInitializerClasses = '[]', activeProfiles = '{}', propertySourceLocations = '{}', propertySourceProperties = '{org.springframework.boot.test.context.SpringBootTestContextBootstrapper=true}', contextCustomizers = set[org.springframework.boot.test.autoconfigure.actuate.metrics.MetricsExportContextCustomizerFactory$DisableMetricExportContextCustomizer@5258b2d3, org.springframework.boot.test.autoconfigure.properties.PropertyMappingContextCustomizer@0, org.springframework.boot.test.autoconfigure.web.servlet.WebDriverContextCustomizerFactory$Customizer@6e2b8d78, org.springframework.boot.test.context.filter.ExcludeFilterContextCustomizer@6fb44279, org.springframework.boot.test.json.DuplicateJsonObjectContextCustomizerFactory$DuplicateJsonObjectContextCustomizer@5e1471ca, org.springframework.boot.test.mock.mockito.MockitoContextCustomizer@0, org.springframework.boot.test.web.client.TestRestTemplateContextCustomizer@2cfe1abc, org.springframework.boot.test.context.SpringBootTestArgs@1, org.springframework.boot.test.context.SpringBootTestWebEnvironment@ff8335e], resourceBasePath = 'src/main/webapp', contextLoader = 'org.springframework.boot.test.context.SpringBootContextLoader', parent = [null]], attributes = map['org.springframework.test.context.web.ServletTestExecutionListener.activateListener' -> true]], class annotated with @DirtiesContext [false] with mode [null].
15:19:00.587 [Test worker] DEBUG org.springframework.test.context.support.TestPropertySourceUtils - Adding inlined properties to environment: {spring.jmx.enabled=false, org.springframework.boot.test.context.SpringBootTestContextBootstrapper=true}

  .   ____          _            __ _ _
 /\\ / ___'_ __ _ _(_)_ __  __ _ \ \ \ \
( ( )\___ | '_ | '_| | '_ \/ _` | \ \ \ \
 \\/  ___)| |_)| | | | | || (_| |  ) ) ) )
  '  |____| .__|_| |_|_| |_\__, | / / / /
 =========|_|==============|___/=/_/_/_/
 :: Spring Boot ::                (v2.4.3)

2021-05-03 15:19:02.252  INFO 11948 --- [    Test worker] c.p.b.ServiceTest.CreateServiceTest      : Starting CreateServiceTest using Java 15.0.1 on DESKTOP-SEEOBAA with PID 11948 (started by Usuario in C:\Users\Usuario\Desktop\Universidad\09. Desarrollo web\Proyecto\Codigo\Nordics\barberia)
2021-05-03 15:19:02.272  INFO 11948 --- [    Test worker] c.p.b.ServiceTest.CreateServiceTest      : No active profile set, falling back to default profiles: default
2021-05-03 15:19:10.287  INFO 11948 --- [    Test worker] org.hibernate.Version                    : HHH000412: Hibernate Core {5.4.9.Final}
2021-05-03 15:19:13.687  INFO 11948 --- [    Test worker] o.hibernate.annotations.common.Version   : HCANN000001: Hibernate Commons Annotations {5.1.0.Final}
2021-05-03 15:19:16.121  INFO 11948 --- [    Test worker] org.hibernate.dialect.Dialect            : HHH000400: Using dialect: org.hibernate.dialect.MariaDBDialect
2021-05-03 15:19:17.036  WARN 11948 --- [    Test worker] org.hibernate.mapping.RootClass          : HHH000039: Composite-id class does not override hashCode(): com.proyectoweb.barberia.Shared.Domain.Users.UserId
2021-05-03 15:19:18.672  INFO 11948 --- [    Test worker] o.h.e.t.j.p.i.JtaPlatformInitiator       : HHH000490: Using JtaPlatform implementation: [org.hibernate.engine.transaction.jta.platform.internal.NoJtaPlatform]
2021-05-03 15:19:21.303  INFO 11948 --- [    Test worker] .s.s.UserDetailsServiceAutoConfiguration : 

Using generated security password: 5c23e851-f804-49bf-aa5a-dca6fc1bf32f

2021-05-03 15:19:22.476  INFO 11948 --- [    Test worker] o.s.s.web.DefaultSecurityFilterChain     : Will secure any request with [org.springframework.security.web.context.request.async.WebAsyncManagerIntegrationFilter@7d2f8149, org.springframework.security.web.context.SecurityContextPersistenceFilter@18d2c725, org.springframework.security.web.header.HeaderWriterFilter@98ee25e, org.springframework.security.web.authentication.logout.LogoutFilter@2821624a, com.proyectoweb.barberia.security.JWTAuthorizationFilter@32f2d200, org.springframework.security.web.savedrequest.RequestCacheAwareFilter@5ea86b9c, org.springframework.security.web.servletapi.SecurityContextHolderAwareRequestFilter@6ab8782d, org.springframework.security.web.authentication.AnonymousAuthenticationFilter@5e5ff88a, org.springframework.security.web.session.SessionManagementFilter@731550b0, org.springframework.security.web.access.ExceptionTranslationFilter@61e25659, org.springframework.security.web.access.intercept.FilterSecurityInterceptor@47892e02]
2021-05-03 15:19:24.683  INFO 11948 --- [    Test worker] o.s.s.concurrent.ThreadPoolTaskExecutor  : Initializing ExecutorService 'applicationTaskExecutor'
2021-05-03 15:19:30.789  INFO 11948 --- [    Test worker] c.p.b.ServiceTest.CreateServiceTest      : Started CreateServiceTest in 30.171 seconds (JVM running for 36.117)
El servicio: Peluqueria vale: 10000.0
El servicio: Barberia vale: 8000.0
los servicios[com.proyectoweb.barberia.Services.Service.Domain.Service@254fc866, com.proyectoweb.barberia.Services.Service.Domain.Service@45642925]
Entro Test Create
El servicio: Peluqueria vale: 10000.0
El servicio: Barberia vale: 8000.0
El servicio: uñassuperwao vale: 5000.0
Entro Test Find By ID
El servicio: uñassuperwao vale: 5000.0
]]></system-out>
  <system-err><![CDATA[]]></system-err>
</testsuite>
